<?xml version="1.0" encoding="UTF-8"?>
<!-- Generated by org.testng.reporters.JUnitReportReporter -->
<testsuite skipped="1" hostname="ip-172-31-16-144" name="testcases.HomeLoanTest" tests="3" failures="0" timestamp="16 Apr 2023 04:53:02 GMT" time="0.001" errors="0">
  <testcase name="test4" time="0.000" classname="testcases.HomeLoanTest"/>
  <testcase name="test3" time="0.001" classname="testcases.HomeLoanTest"/>
  <testcase name="test1" classname="testcases.HomeLoanTest">
    <skipped/>
  </testcase> <!-- test1 -->
</testsuite> <!-- testcases.HomeLoanTest -->
